<?xml version="1.0" encoding="UTF-8"?>
<!-- Generated by org.testng.reporters.JUnitReportReporter -->
<testsuite skipped="0" hostname="DESKTOP-4QHJ3C4" name="testCases.TC001_LoginLogout" tests="1" failures="0" timestamp="2021-12-13T13:34:06 EST" time="5.529" errors="0">
  <testcase name="LoginLogOut" time="5.529" classname="testCases.TC001_LoginLogout"/>
  <system-out/>
</testsuite> <!-- testCases.TC001_LoginLogout -->
